app/build/intermediates/manifest_merge_blame_file/debug/manifest-merger-blame-debug-report.txt
1<?xml version="1.0" encoding="utf-8"?>
2<manifest xmlns:android="http://schemas.android.com/apk/res/android"
3    package="com.jeromedusanter.aircalltest"
4    android:versionCode="1"
5    android:versionName="1.0" >
6
7    <uses-sdk
8        android:minSdkVersion="21"
8-->src/main/AndroidManifest.xml
9        android:targetSdkVersion="30" />
9-->src/main/AndroidManifest.xml
10
11    <uses-permission android:name="android.permission.INTERNET" />
11-->src/main/AndroidManifest.xml:5:5-67
11-->src/main/AndroidManifest.xml:5:22-64
12    <uses-permission android:name="android.permission.WAKE_LOCK" />
12-->[androidx.work:work-runtime:2.5.0] AndroidManifest.xml:25:5-68
12-->[androidx.work:work-runtime:2.5.0] AndroidManifest.xml:25:22-65
13    <uses-permission android:name="android.permission.ACCESS_NETWORK_STATE" />
13-->[androidx.work:work-runtime:2.5.0] AndroidManifest.xml:26:5-79
13-->[androidx.work:work-runtime:2.5.0] AndroidManifest.xml:26:22-76
14    <uses-permission android:name="android.permission.RECEIVE_BOOT_COMPLETED" />
14-->[androidx.work:work-runtime:2.5.0] AndroidManifest.xml:27:5-81
14-->[androidx.work:work-runtime:2.5.0] AndroidManifest.xml:27:22-78
15    <uses-permission android:name="android.permission.FOREGROUND_SERVICE" />
15-->[androidx.work:work-runtime:2.5.0] AndroidManifest.xml:28:5-77
15-->[androidx.work:work-runtime:2.5.0] AndroidManifest.xml:28:22-74
16
17    <application
17-->src/main/AndroidManifest.xml:7:5-33:19
18        android:name="com.jeromedusanter.aircalltest.Application"
18-->src/main/AndroidManifest.xml:8:9-36
19        android:allowBackup="true"
19-->src/main/AndroidManifest.xml:9:9-35
20        android:appComponentFactory="androidx.core.app.CoreComponentFactory"
20-->[androidx.core:core:1.3.2] AndroidManifest.xml:24:18-86
21        android:debuggable="true"
22        android:icon="@mipmap/ic_launcher"
22-->src/main/AndroidManifest.xml:10:9-43
23        android:label="@string/app_name"
23-->src/main/AndroidManifest.xml:11:9-41
24        android:roundIcon="@mipmap/ic_launcher_round"
24-->src/main/AndroidManifest.xml:12:9-54
25        android:supportsRtl="true"
25-->src/main/AndroidManifest.xml:13:9-35
26        android:testOnly="true"
27        android:theme="@style/AppTheme" >
27-->src/main/AndroidManifest.xml:14:9-40
28        <activity android:name="com.jeromedusanter.aircalltest.ui.login.LoginActivity" >
28-->src/main/AndroidManifest.xml:15:9-31:20
28-->src/main/AndroidManifest.xml:15:19-57
29            <intent-filter>
29-->src/main/AndroidManifest.xml:16:13-20:29
30                <action android:name="android.intent.action.MAIN" />
30-->src/main/AndroidManifest.xml:17:17-69
30-->src/main/AndroidManifest.xml:17:25-66
31
32                <category android:name="android.intent.category.LAUNCHER" />
32-->src/main/AndroidManifest.xml:19:17-77
32-->src/main/AndroidManifest.xml:19:27-74
33            </intent-filter>
34            <intent-filter>
34-->src/main/AndroidManifest.xml:21:13-30:29
35                <action android:name="android.intent.action.VIEW" />
35-->src/main/AndroidManifest.xml:22:17-69
35-->src/main/AndroidManifest.xml:22:25-66
36
37                <category android:name="android.intent.category.DEFAULT" />
37-->src/main/AndroidManifest.xml:24:17-76
37-->src/main/AndroidManifest.xml:24:27-73
38                <category android:name="android.intent.category.BROWSABLE" />
38-->src/main/AndroidManifest.xml:25:17-78
38-->src/main/AndroidManifest.xml:25:27-75
39
40                <data
40-->src/main/AndroidManifest.xml:27:17-29:55
41                    android:host="callback"
41-->src/main/AndroidManifest.xml:28:21-44
42                    android:scheme="jeromedusanter" />
42-->src/main/AndroidManifest.xml:29:21-52
43            </intent-filter>
44        </activity>
45        <activity android:name="com.jeromedusanter.aircalltest.ui.main.MainActivity" />
45-->src/main/AndroidManifest.xml:32:9-58
45-->src/main/AndroidManifest.xml:32:19-55
46
47        <provider
47-->[androidx.work:work-runtime:2.5.0] AndroidManifest.xml:31:9-37:35
48            android:name="androidx.work.impl.WorkManagerInitializer"
48-->[androidx.work:work-runtime:2.5.0] AndroidManifest.xml:32:13-69
49            android:authorities="com.jeromedusanter.aircalltest.workmanager-init"
49-->[androidx.work:work-runtime:2.5.0] AndroidManifest.xml:33:13-68
50            android:directBootAware="false"
50-->[androidx.work:work-runtime:2.5.0] AndroidManifest.xml:34:13-44
51            android:exported="false"
51-->[androidx.work:work-runtime:2.5.0] AndroidManifest.xml:35:13-37
52            android:multiprocess="true" />
52-->[androidx.work:work-runtime:2.5.0] AndroidManifest.xml:36:13-40
53
54        <service
54-->[androidx.work:work-runtime:2.5.0] AndroidManifest.xml:39:9-44:35
55            android:name="androidx.work.impl.background.systemalarm.SystemAlarmService"
55-->[androidx.work:work-runtime:2.5.0] AndroidManifest.xml:40:13-88
56            android:directBootAware="false"
56-->[androidx.work:work-runtime:2.5.0] AndroidManifest.xml:41:13-44
57            android:enabled="@bool/enable_system_alarm_service_default"
57-->[androidx.work:work-runtime:2.5.0] AndroidManifest.xml:42:13-72
58            android:exported="false" />
58-->[androidx.work:work-runtime:2.5.0] AndroidManifest.xml:43:13-37
59        <service
59-->[androidx.work:work-runtime:2.5.0] AndroidManifest.xml:45:9-51:35
60            android:name="androidx.work.impl.background.systemjob.SystemJobService"
60-->[androidx.work:work-runtime:2.5.0] AndroidManifest.xml:46:13-84
61            android:directBootAware="false"
61-->[androidx.work:work-runtime:2.5.0] AndroidManifest.xml:47:13-44
62            android:enabled="@bool/enable_system_job_service_default"
62-->[androidx.work:work-runtime:2.5.0] AndroidManifest.xml:48:13-70
63            android:exported="true"
63-->[androidx.work:work-runtime:2.5.0] AndroidManifest.xml:49:13-36
64            android:permission="android.permission.BIND_JOB_SERVICE" />
64-->[androidx.work:work-runtime:2.5.0] AndroidManifest.xml:50:13-69
65        <service
65-->[androidx.work:work-runtime:2.5.0] AndroidManifest.xml:52:9-57:35
66            android:name="androidx.work.impl.foreground.SystemForegroundService"
66-->[androidx.work:work-runtime:2.5.0] AndroidManifest.xml:53:13-81
67            android:directBootAware="false"
67-->[androidx.work:work-runtime:2.5.0] AndroidManifest.xml:54:13-44
68            android:enabled="@bool/enable_system_foreground_service_default"
68-->[androidx.work:work-runtime:2.5.0] AndroidManifest.xml:55:13-77
69            android:exported="false" />
69-->[androidx.work:work-runtime:2.5.0] AndroidManifest.xml:56:13-37
70
71        <receiver
71-->[androidx.work:work-runtime:2.5.0] AndroidManifest.xml:59:9-64:35
72            android:name="androidx.work.impl.utils.ForceStopRunnable$BroadcastReceiver"
72-->[androidx.work:work-runtime:2.5.0] AndroidManifest.xml:60:13-88
73            android:directBootAware="false"
73-->[androidx.work:work-runtime:2.5.0] AndroidManifest.xml:61:13-44
74            android:enabled="true"
74-->[androidx.work:work-runtime:2.5.0] AndroidManifest.xml:62:13-35
75            android:exported="false" />
75-->[androidx.work:work-runtime:2.5.0] AndroidManifest.xml:63:13-37
76        <receiver
76-->[androidx.work:work-runtime:2.5.0] AndroidManifest.xml:65:9-75:20
77            android:name="androidx.work.impl.background.systemalarm.ConstraintProxy$BatteryChargingProxy"
77-->[androidx.work:work-runtime:2.5.0] AndroidManifest.xml:66:13-106
78            android:directBootAware="false"
78-->[androidx.work:work-runtime:2.5.0] AndroidManifest.xml:67:13-44
79            android:enabled="false"
79-->[androidx.work:work-runtime:2.5.0] AndroidManifest.xml:68:13-36
80            android:exported="false" >
80-->[androidx.work:work-runtime:2.5.0] AndroidManifest.xml:69:13-37
81            <intent-filter>
81-->[androidx.work:work-runtime:2.5.0] AndroidManifest.xml:71:13-74:29
82                <action android:name="android.intent.action.ACTION_POWER_CONNECTED" />
82-->[androidx.work:work-runtime:2.5.0] AndroidManifest.xml:72:17-87
82-->[androidx.work:work-runtime:2.5.0] AndroidManifest.xml:72:25-84
83                <action android:name="android.intent.action.ACTION_POWER_DISCONNECTED" />
83-->[androidx.work:work-runtime:2.5.0] AndroidManifest.xml:73:17-90
83-->[androidx.work:work-runtime:2.5.0] AndroidManifest.xml:73:25-87
84            </intent-filter>
85        </receiver>
86        <receiver
86-->[androidx.work:work-runtime:2.5.0] AndroidManifest.xml:76:9-86:20
87            android:name="androidx.work.impl.background.systemalarm.ConstraintProxy$BatteryNotLowProxy"
87-->[androidx.work:work-runtime:2.5.0] AndroidManifest.xml:77:13-104
88            android:directBootAware="false"
88-->[androidx.work:work-runtime:2.5.0] AndroidManifest.xml:78:13-44
89            android:enabled="false"
89-->[androidx.work:work-runtime:2.5.0] AndroidManifest.xml:79:13-36
90            android:exported="false" >
90-->[androidx.work:work-runtime:2.5.0] AndroidManifest.xml:80:13-37
91            <intent-filter>
91-->[androidx.work:work-runtime:2.5.0] AndroidManifest.xml:82:13-85:29
92                <action android:name="android.intent.action.BATTERY_OKAY" />
92-->[androidx.work:work-runtime:2.5.0] AndroidManifest.xml:83:17-77
92-->[androidx.work:work-runtime:2.5.0] AndroidManifest.xml:83:25-74
93                <action android:name="android.intent.action.BATTERY_LOW" />
93-->[androidx.work:work-runtime:2.5.0] AndroidManifest.xml:84:17-76
93-->[androidx.work:work-runtime:2.5.0] AndroidManifest.xml:84:25-73
94            </intent-filter>
95        </receiver>
96        <receiver
96-->[androidx.work:work-runtime:2.5.0] AndroidManifest.xml:87:9-97:20
97            android:name="androidx.work.impl.background.systemalarm.ConstraintProxy$StorageNotLowProxy"
97-->[androidx.work:work-runtime:2.5.0] AndroidManifest.xml:88:13-104
98            android:directBootAware="false"
98-->[androidx.work:work-runtime:2.5.0] AndroidManifest.xml:89:13-44
99            android:enabled="false"
99-->[androidx.work:work-runtime:2.5.0] AndroidManifest.xml:90:13-36
100            android:exported="false" >
100-->[androidx.work:work-runtime:2.5.0] AndroidManifest.xml:91:13-37
101            <intent-filter>
101-->[androidx.work:work-runtime:2.5.0] AndroidManifest.xml:93:13-96:29
102                <action android:name="android.intent.action.DEVICE_STORAGE_LOW" />
102-->[androidx.work:work-runtime:2.5.0] AndroidManifest.xml:94:17-83
102-->[androidx.work:work-runtime:2.5.0] AndroidManifest.xml:94:25-80
103                <action android:name="android.intent.action.DEVICE_STORAGE_OK" />
103-->[androidx.work:work-runtime:2.5.0] AndroidManifest.xml:95:17-82
103-->[androidx.work:work-runtime:2.5.0] AndroidManifest.xml:95:25-79
104            </intent-filter>
105        </receiver>
106        <receiver
106-->[androidx.work:work-runtime:2.5.0] AndroidManifest.xml:98:9-107:20
107            android:name="androidx.work.impl.background.systemalarm.ConstraintProxy$NetworkStateProxy"
107-->[androidx.work:work-runtime:2.5.0] AndroidManifest.xml:99:13-103
108            android:directBootAware="false"
108-->[androidx.work:work-runtime:2.5.0] AndroidManifest.xml:100:13-44
109            android:enabled="false"
109-->[androidx.work:work-runtime:2.5.0] AndroidManifest.xml:101:13-36
110            android:exported="false" >
110-->[androidx.work:work-runtime:2.5.0] AndroidManifest.xml:102:13-37
111            <intent-filter>
111-->[androidx.work:work-runtime:2.5.0] AndroidManifest.xml:104:13-106:29
112                <action android:name="android.net.conn.CONNECTIVITY_CHANGE" />
112-->[androidx.work:work-runtime:2.5.0] AndroidManifest.xml:105:17-79
112-->[androidx.work:work-runtime:2.5.0] AndroidManifest.xml:105:25-76
113            </intent-filter>
114        </receiver>
115        <receiver
115-->[androidx.work:work-runtime:2.5.0] AndroidManifest.xml:108:9-119:20
116            android:name="androidx.work.impl.background.systemalarm.RescheduleReceiver"
116-->[androidx.work:work-runtime:2.5.0] AndroidManifest.xml:109:13-88
117            android:directBootAware="false"
117-->[androidx.work:work-runtime:2.5.0] AndroidManifest.xml:110:13-44
118            android:enabled="false"
118-->[androidx.work:work-runtime:2.5.0] AndroidManifest.xml:111:13-36
119            android:exported="false" >
119-->[androidx.work:work-runtime:2.5.0] AndroidManifest.xml:112:13-37
120            <intent-filter>
120-->[androidx.work:work-runtime:2.5.0] AndroidManifest.xml:114:13-118:29
121                <action android:name="android.intent.action.BOOT_COMPLETED" />
121-->[androidx.work:work-runtime:2.5.0] AndroidManifest.xml:115:17-79
121-->[androidx.work:work-runtime:2.5.0] AndroidManifest.xml:115:25-76
122                <action android:name="android.intent.action.TIME_SET" />
122-->[androidx.work:work-runtime:2.5.0] AndroidManifest.xml:116:17-73
122-->[androidx.work:work-runtime:2.5.0] AndroidManifest.xml:116:25-70
123                <action android:name="android.intent.action.TIMEZONE_CHANGED" />
123-->[androidx.work:work-runtime:2.5.0] AndroidManifest.xml:117:17-81
123-->[androidx.work:work-runtime:2.5.0] AndroidManifest.xml:117:25-78
124            </intent-filter>
125        </receiver>
126        <receiver
126-->[androidx.work:work-runtime:2.5.0] AndroidManifest.xml:120:9-129:20
127            android:name="androidx.work.impl.background.systemalarm.ConstraintProxyUpdateReceiver"
127-->[androidx.work:work-runtime:2.5.0] AndroidManifest.xml:121:13-99
128            android:directBootAware="false"
128-->[androidx.work:work-runtime:2.5.0] AndroidManifest.xml:122:13-44
129            android:enabled="@bool/enable_system_alarm_service_default"
129-->[androidx.work:work-runtime:2.5.0] AndroidManifest.xml:123:13-72
130            android:exported="false" >
130-->[androidx.work:work-runtime:2.5.0] AndroidManifest.xml:124:13-37
131            <intent-filter>
131-->[androidx.work:work-runtime:2.5.0] AndroidManifest.xml:126:13-128:29
132                <action android:name="androidx.work.impl.background.systemalarm.UpdateProxies" />
132-->[androidx.work:work-runtime:2.5.0] AndroidManifest.xml:127:17-98
132-->[androidx.work:work-runtime:2.5.0] AndroidManifest.xml:127:25-95
133            </intent-filter>
134        </receiver>
135        <receiver
135-->[androidx.work:work-runtime:2.5.0] AndroidManifest.xml:130:9-140:20
136            android:name="androidx.work.impl.diagnostics.DiagnosticsReceiver"
136-->[androidx.work:work-runtime:2.5.0] AndroidManifest.xml:131:13-78
137            android:directBootAware="false"
137-->[androidx.work:work-runtime:2.5.0] AndroidManifest.xml:132:13-44
138            android:enabled="true"
138-->[androidx.work:work-runtime:2.5.0] AndroidManifest.xml:133:13-35
139            android:exported="true"
139-->[androidx.work:work-runtime:2.5.0] AndroidManifest.xml:134:13-36
140            android:permission="android.permission.DUMP" >
140-->[androidx.work:work-runtime:2.5.0] AndroidManifest.xml:135:13-57
141            <intent-filter>
141-->[androidx.work:work-runtime:2.5.0] AndroidManifest.xml:137:13-139:29
142                <action android:name="androidx.work.diagnostics.REQUEST_DIAGNOSTICS" />
142-->[androidx.work:work-runtime:2.5.0] AndroidManifest.xml:138:17-88
142-->[androidx.work:work-runtime:2.5.0] AndroidManifest.xml:138:25-85
143            </intent-filter>
144        </receiver>
145
146        <provider
146-->[androidx.lifecycle:lifecycle-process:2.2.0] AndroidManifest.xml:25:9-29:43
147            android:name="androidx.lifecycle.ProcessLifecycleOwnerInitializer"
147-->[androidx.lifecycle:lifecycle-process:2.2.0] AndroidManifest.xml:26:13-79
148            android:authorities="com.jeromedusanter.aircalltest.lifecycle-process"
148-->[androidx.lifecycle:lifecycle-process:2.2.0] AndroidManifest.xml:27:13-69
149            android:exported="false"
149-->[androidx.lifecycle:lifecycle-process:2.2.0] AndroidManifest.xml:28:13-37
150            android:multiprocess="true" />
150-->[androidx.lifecycle:lifecycle-process:2.2.0] AndroidManifest.xml:29:13-40
151
152        <service
152-->[androidx.room:room-runtime:2.2.5] AndroidManifest.xml:25:9-28:40
153            android:name="androidx.room.MultiInstanceInvalidationService"
153-->[androidx.room:room-runtime:2.2.5] AndroidManifest.xml:26:13-74
154            android:directBootAware="true"
154-->[androidx.room:room-runtime:2.2.5] AndroidManifest.xml:27:13-43
155            android:exported="false" />
155-->[androidx.room:room-runtime:2.2.5] AndroidManifest.xml:28:13-37
156    </application>
157
158</manifest>